INFO - 2024-12-21 11:45:52 --> Session: Class initialized using 'CodeIgniter\Session\Handlers\FileHandler' driver.
INFO - 2024-12-21 11:45:54 --> Session: Class initialized using 'CodeIgniter\Session\Handlers\FileHandler' driver.
INFO - 2024-12-21 11:46:01 --> Session: Class initialized using 'CodeIgniter\Session\Handlers\FileHandler' driver.
INFO - 2024-12-21 11:46:02 --> Session: Class initialized using 'CodeIgniter\Session\Handlers\FileHandler' driver.
INFO - 2024-12-21 11:46:07 --> Session: Class initialized using 'CodeIgniter\Session\Handlers\FileHandler' driver.
INFO - 2024-12-21 11:48:32 --> Session: Class initialized using 'CodeIgniter\Session\Handlers\FileHandler' driver.
INFO - 2024-12-21 11:51:47 --> Session: Class initialized using 'CodeIgniter\Session\Handlers\FileHandler' driver.
CRITICAL - 2024-12-21 11:51:47 --> ErrorException: Undefined variable $attendancePercentages
[Method: GET, Route: reports]
in APPPATH\Views\dashboard\reports\attendance.php on line 117.
 1 APPPATH\Views\dashboard\reports\attendance.php(117): CodeIgniter\Debug\Exceptions->errorHandler(2, 'Undefined variable $attendancePercentages', 'C:\\xampp\\htdocs\\student_management_portal\\app\\Views\\dashboard\\reports\\attendance.php', 117)
 2 APPPATH\Views\dashboard\reports\reports.php(40): include('C:\\xampp\\htdocs\\student_management_portal\\app\\Views\\dashboard\\reports\\attendance.php')
 3 SYSTEMPATH\View\View.php(234): include('C:\\xampp\\htdocs\\student_management_portal\\app\\Views\\dashboard\\reports\\reports.php')
 4 SYSTEMPATH\View\View.php(237): CodeIgniter\View\View->CodeIgniter\View\{closure}()
 5 SYSTEMPATH\Common.php(1171): CodeIgniter\View\View->render('dashboard/reports/reports', [], true)
 6 APPPATH\Controllers\Reports.php(28): view('dashboard/reports/reports', [...])
 7 SYSTEMPATH\CodeIgniter.php(933): App\Controllers\Reports->index()
 8 SYSTEMPATH\CodeIgniter.php(509): CodeIgniter\CodeIgniter->runController(Object(App\Controllers\Reports))
 9 SYSTEMPATH\CodeIgniter.php(355): CodeIgniter\CodeIgniter->handleRequest(null, Object(Config\Cache), false)
10 SYSTEMPATH\Boot.php(325): CodeIgniter\CodeIgniter->run()
11 SYSTEMPATH\Boot.php(67): CodeIgniter\Boot::runCodeIgniter(Object(CodeIgniter\CodeIgniter))
12 FCPATH\index.php(56): CodeIgniter\Boot::bootWeb(Object(Config\Paths))
INFO - 2024-12-21 11:54:27 --> Session: Class initialized using 'CodeIgniter\Session\Handlers\FileHandler' driver.
CRITICAL - 2024-12-21 11:54:27 --> ErrorException: Undefined variable $attendancePercentages
[Method: GET, Route: reports]
in APPPATH\Views\dashboard\reports\attendance.php on line 117.
 1 APPPATH\Views\dashboard\reports\attendance.php(117): CodeIgniter\Debug\Exceptions->errorHandler(2, 'Undefined variable $attendancePercentages', 'C:\\xampp\\htdocs\\student_management_portal\\app\\Views\\dashboard\\reports\\attendance.php', 117)
 2 APPPATH\Views\dashboard\reports\reports.php(40): include('C:\\xampp\\htdocs\\student_management_portal\\app\\Views\\dashboard\\reports\\attendance.php')
 3 SYSTEMPATH\View\View.php(234): include('C:\\xampp\\htdocs\\student_management_portal\\app\\Views\\dashboard\\reports\\reports.php')
 4 SYSTEMPATH\View\View.php(237): CodeIgniter\View\View->CodeIgniter\View\{closure}()
 5 SYSTEMPATH\Common.php(1171): CodeIgniter\View\View->render('dashboard/reports/reports', [], true)
 6 APPPATH\Controllers\Reports.php(28): view('dashboard/reports/reports', [...])
 7 SYSTEMPATH\CodeIgniter.php(933): App\Controllers\Reports->index()
 8 SYSTEMPATH\CodeIgniter.php(509): CodeIgniter\CodeIgniter->runController(Object(App\Controllers\Reports))
 9 SYSTEMPATH\CodeIgniter.php(355): CodeIgniter\CodeIgniter->handleRequest(null, Object(Config\Cache), false)
10 SYSTEMPATH\Boot.php(325): CodeIgniter\CodeIgniter->run()
11 SYSTEMPATH\Boot.php(67): CodeIgniter\Boot::runCodeIgniter(Object(CodeIgniter\CodeIgniter))
12 FCPATH\index.php(56): CodeIgniter\Boot::bootWeb(Object(Config\Paths))
INFO - 2024-12-21 11:59:51 --> Session: Class initialized using 'CodeIgniter\Session\Handlers\FileHandler' driver.
CRITICAL - 2024-12-21 11:59:51 --> ErrorException: Undefined variable $filters
[Method: GET, Route: reports]
in APPPATH\Views\dashboard\reports\attendance.php on line 25.
 1 APPPATH\Views\dashboard\reports\attendance.php(25): CodeIgniter\Debug\Exceptions->errorHandler(2, 'Undefined variable $filters', 'C:\\xampp\\htdocs\\student_management_portal\\app\\Views\\dashboard\\reports\\attendance.php', 25)
 2 APPPATH\Views\dashboard\reports\reports.php(40): include('C:\\xampp\\htdocs\\student_management_portal\\app\\Views\\dashboard\\reports\\attendance.php')
 3 SYSTEMPATH\View\View.php(234): include('C:\\xampp\\htdocs\\student_management_portal\\app\\Views\\dashboard\\reports\\reports.php')
 4 SYSTEMPATH\View\View.php(237): CodeIgniter\View\View->CodeIgniter\View\{closure}()
 5 SYSTEMPATH\Common.php(1171): CodeIgniter\View\View->render('dashboard/reports/reports', [], true)
 6 APPPATH\Controllers\Reports.php(28): view('dashboard/reports/reports', [...])
 7 SYSTEMPATH\CodeIgniter.php(933): App\Controllers\Reports->index()
 8 SYSTEMPATH\CodeIgniter.php(509): CodeIgniter\CodeIgniter->runController(Object(App\Controllers\Reports))
 9 SYSTEMPATH\CodeIgniter.php(355): CodeIgniter\CodeIgniter->handleRequest(null, Object(Config\Cache), false)
10 SYSTEMPATH\Boot.php(325): CodeIgniter\CodeIgniter->run()
11 SYSTEMPATH\Boot.php(67): CodeIgniter\Boot::runCodeIgniter(Object(CodeIgniter\CodeIgniter))
12 FCPATH\index.php(56): CodeIgniter\Boot::bootWeb(Object(Config\Paths))
INFO - 2024-12-21 12:56:24 --> Session: Class initialized using 'CodeIgniter\Session\Handlers\FileHandler' driver.
CRITICAL - 2024-12-21 12:56:24 --> ErrorException: Undefined variable $filters
[Method: GET, Route: reports]
in APPPATH\Views\dashboard\reports\attendance.php on line 25.
 1 APPPATH\Views\dashboard\reports\attendance.php(25): CodeIgniter\Debug\Exceptions->errorHandler(2, 'Undefined variable $filters', 'C:\\xampp\\htdocs\\student_management_portal\\app\\Views\\dashboard\\reports\\attendance.php', 25)
 2 APPPATH\Views\dashboard\reports\reports.php(40): include('C:\\xampp\\htdocs\\student_management_portal\\app\\Views\\dashboard\\reports\\attendance.php')
 3 SYSTEMPATH\View\View.php(234): include('C:\\xampp\\htdocs\\student_management_portal\\app\\Views\\dashboard\\reports\\reports.php')
 4 SYSTEMPATH\View\View.php(237): CodeIgniter\View\View->CodeIgniter\View\{closure}()
 5 SYSTEMPATH\Common.php(1171): CodeIgniter\View\View->render('dashboard/reports/reports', [], true)
 6 APPPATH\Controllers\Reports.php(28): view('dashboard/reports/reports', [...])
 7 SYSTEMPATH\CodeIgniter.php(933): App\Controllers\Reports->index()
 8 SYSTEMPATH\CodeIgniter.php(509): CodeIgniter\CodeIgniter->runController(Object(App\Controllers\Reports))
 9 SYSTEMPATH\CodeIgniter.php(355): CodeIgniter\CodeIgniter->handleRequest(null, Object(Config\Cache), false)
10 SYSTEMPATH\Boot.php(325): CodeIgniter\CodeIgniter->run()
11 SYSTEMPATH\Boot.php(67): CodeIgniter\Boot::runCodeIgniter(Object(CodeIgniter\CodeIgniter))
12 FCPATH\index.php(56): CodeIgniter\Boot::bootWeb(Object(Config\Paths))
